<?xml version="1.0" encoding="UTF-8"?>
<testsuite xmlns:xsi="http://www.w3.org/2001/XMLSchema-instance" xsi:noNamespaceSchemaLocation="https://maven.apache.org/surefire/maven-surefire-plugin/xsd/surefire-test-report.xsd" version="3.0.2" name="com.dashboard_gk.dashboard_gk.DashboardGKApplicationTests" time="5.606" tests="1" errors="0" skipped="0" failures="0">
  <properties>
    <property name="java.specification.version" value="17"/>
    <property name="sun.cpu.isalist" value="amd64"/>
    <property name="sun.jnu.encoding" value="Cp1252"/>
    <property name="java.class.path" value="C:\Users\GabrielSalazarLozada\Documents\Gabriel Salazar Lozada\Proyectos\Dashboard GK\Dashboard_Back_end\target\test-classes;C:\Users\GabrielSalazarLozada\Documents\Gabriel Salazar Lozada\Proyectos\Dashboard GK\Dashboard_Back_end\target\classes;C:\Users\GabrielSalazarLozada\.m2\repository\org\springframework\boot\spring-boot-starter-webflux\3.5.0\spring-boot-starter-webflux-3.5.0.jar;C:\Users\GabrielSalazarLozada\.m2\repository\org\springframework\boot\spring-boot-starter\3.5.0\spring-boot-starter-3.5.0.jar;C:\Users\GabrielSalazarLozada\.m2\repository\org\springframework\boot\spring-boot-starter-logging\3.5.0\spring-boot-starter-logging-3.5.0.jar;C:\Users\GabrielSalazarLozada\.m2\repository\ch\qos\logback\logback-classic\1.5.18\logback-classic-1.5.18.jar;C:\Users\GabrielSalazarLozada\.m2\repository\ch\qos\logback\logback-core\1.5.18\logback-core-1.5.18.jar;C:\Users\GabrielSalazarLozada\.m2\repository\org\apache\logging\log4j\log4j-to-slf4j\2.24.3\log4j-to-slf4j-2.24.3.jar;C:\Users\GabrielSalazarLozada\.m2\repository\org\apache\logging\log4j\log4j-api\2.24.3\log4j-api-2.24.3.jar;C:\Users\GabrielSalazarLozada\.m2\repository\org\slf4j\jul-to-slf4j\2.0.17\jul-to-slf4j-2.0.17.jar;C:\Users\GabrielSalazarLozada\.m2\repository\jakarta\annotation\jakarta.annotation-api\2.1.1\jakarta.annotation-api-2.1.1.jar;C:\Users\GabrielSalazarLozada\.m2\repository\org\yaml\snakeyaml\2.4\snakeyaml-2.4.jar;C:\Users\GabrielSalazarLozada\.m2\repository\org\springframework\boot\spring-boot-starter-json\3.5.0\spring-boot-starter-json-3.5.0.jar;C:\Users\GabrielSalazarLozada\.m2\repository\com\fasterxml\jackson\core\jackson-databind\2.19.0\jackson-databind-2.19.0.jar;C:\Users\GabrielSalazarLozada\.m2\repository\com\fasterxml\jackson\core\jackson-annotations\2.19.0\jackson-annotations-2.19.0.jar;C:\Users\GabrielSalazarLozada\.m2\repository\com\fasterxml\jackson\core\jackson-core\2.19.0\jackson-core-2.19.0.jar;C:\Users\GabrielSalazarLozada\.m2\repository\com\fasterxml\jackson\datatype\jackson-datatype-jdk8\2.19.0\jackson-datatype-jdk8-2.19.0.jar;C:\Users\GabrielSalazarLozada\.m2\repository\com\fasterxml\jackson\datatype\jackson-datatype-jsr310\2.19.0\jackson-datatype-jsr310-2.19.0.jar;C:\Users\GabrielSalazarLozada\.m2\repository\com\fasterxml\jackson\module\jackson-module-parameter-names\2.19.0\jackson-module-parameter-names-2.19.0.jar;C:\Users\GabrielSalazarLozada\.m2\repository\org\springframework\boot\spring-boot-starter-reactor-netty\3.5.0\spring-boot-starter-reactor-netty-3.5.0.jar;C:\Users\GabrielSalazarLozada\.m2\repository\io\projectreactor\netty\reactor-netty-http\1.2.6\reactor-netty-http-1.2.6.jar;C:\Users\GabrielSalazarLozada\.m2\repository\io\netty\netty-codec-http\4.1.121.Final\netty-codec-http-4.1.121.Final.jar;C:\Users\GabrielSalazarLozada\.m2\repository\io\netty\netty-common\4.1.121.Final\netty-common-4.1.121.Final.jar;C:\Users\GabrielSalazarLozada\.m2\repository\io\netty\netty-buffer\4.1.121.Final\netty-buffer-4.1.121.Final.jar;C:\Users\GabrielSalazarLozada\.m2\repository\io\netty\netty-transport\4.1.121.Final\netty-transport-4.1.121.Final.jar;C:\Users\GabrielSalazarLozada\.m2\repository\io\netty\netty-codec\4.1.121.Final\netty-codec-4.1.121.Final.jar;C:\Users\GabrielSalazarLozada\.m2\repository\io\netty\netty-handler\4.1.121.Final\netty-handler-4.1.121.Final.jar;C:\Users\GabrielSalazarLozada\.m2\repository\io\netty\netty-codec-http2\4.1.121.Final\netty-codec-http2-4.1.121.Final.jar;C:\Users\GabrielSalazarLozada\.m2\repository\io\netty\netty-resolver-dns\4.1.121.Final\netty-resolver-dns-4.1.121.Final.jar;C:\Users\GabrielSalazarLozada\.m2\repository\io\netty\netty-resolver\4.1.121.Final\netty-resolver-4.1.121.Final.jar;C:\Users\GabrielSalazarLozada\.m2\repository\io\netty\netty-codec-dns\4.1.121.Final\netty-codec-dns-4.1.121.Final.jar;C:\Users\GabrielSalazarLozada\.m2\repository\io\netty\netty-resolver-dns-native-macos\4.1.121.Final\netty-resolver-dns-native-macos-4.1.121.Final-osx-x86_64.jar;C:\Users\GabrielSalazarLozada\.m2\repository\io\netty\netty-resolver-dns-classes-macos\4.1.121.Final\netty-resolver-dns-classes-macos-4.1.121.Final.jar;C:\Users\GabrielSalazarLozada\.m2\repository\io\netty\netty-transport-native-epoll\4.1.121.Final\netty-transport-native-epoll-4.1.121.Final-linux-x86_64.jar;C:\Users\GabrielSalazarLozada\.m2\repository\io\netty\netty-transport-native-unix-common\4.1.121.Final\netty-transport-native-unix-common-4.1.121.Final.jar;C:\Users\GabrielSalazarLozada\.m2\repository\io\netty\netty-transport-classes-epoll\4.1.121.Final\netty-transport-classes-epoll-4.1.121.Final.jar;C:\Users\GabrielSalazarLozada\.m2\repository\io\projectreactor\netty\reactor-netty-core\1.2.6\reactor-netty-core-1.2.6.jar;C:\Users\GabrielSalazarLozada\.m2\repository\io\netty\netty-handler-proxy\4.1.121.Final\netty-handler-proxy-4.1.121.Final.jar;C:\Users\GabrielSalazarLozada\.m2\repository\io\netty\netty-codec-socks\4.1.121.Final\netty-codec-socks-4.1.121.Final.jar;C:\Users\GabrielSalazarLozada\.m2\repository\org\springframework\spring-web\6.2.7\spring-web-6.2.7.jar;C:\Users\GabrielSalazarLozada\.m2\repository\org\springframework\spring-beans\6.2.7\spring-beans-6.2.7.jar;C:\Users\GabrielSalazarLozada\.m2\repository\io\micrometer\micrometer-observation\1.15.0\micrometer-observation-1.15.0.jar;C:\Users\GabrielSalazarLozada\.m2\repository\io\micrometer\micrometer-commons\1.15.0\micrometer-commons-1.15.0.jar;C:\Users\GabrielSalazarLozada\.m2\repository\org\springframework\spring-webflux\6.2.7\spring-webflux-6.2.7.jar;C:\Users\GabrielSalazarLozada\.m2\repository\io\projectreactor\reactor-core\3.7.6\reactor-core-3.7.6.jar;C:\Users\GabrielSalazarLozada\.m2\repository\org\reactivestreams\reactive-streams\1.0.4\reactive-streams-1.0.4.jar;C:\Users\GabrielSalazarLozada\.m2\repository\org\springframework\boot\spring-boot-starter-data-mongodb\3.5.0\spring-boot-starter-data-mongodb-3.5.0.jar;C:\Users\GabrielSalazarLozada\.m2\repository\org\mongodb\mongodb-driver-sync\5.4.0\mongodb-driver-sync-5.4.0.jar;C:\Users\GabrielSalazarLozada\.m2\repository\org\mongodb\bson\5.4.0\bson-5.4.0.jar;C:\Users\GabrielSalazarLozada\.m2\repository\org\mongodb\mongodb-driver-core\5.4.0\mongodb-driver-core-5.4.0.jar;C:\Users\GabrielSalazarLozada\.m2\repository\org\mongodb\bson-record-codec\5.4.0\bson-record-codec-5.4.0.jar;C:\Users\GabrielSalazarLozada\.m2\repository\org\springframework\data\spring-data-mongodb\4.5.0\spring-data-mongodb-4.5.0.jar;C:\Users\GabrielSalazarLozada\.m2\repository\org\springframework\spring-tx\6.2.7\spring-tx-6.2.7.jar;C:\Users\GabrielSalazarLozada\.m2\repository\org\springframework\spring-context\6.2.7\spring-context-6.2.7.jar;C:\Users\GabrielSalazarLozada\.m2\repository\org\springframework\spring-expression\6.2.7\spring-expression-6.2.7.jar;C:\Users\GabrielSalazarLozada\.m2\repository\org\springframework\data\spring-data-commons\3.5.0\spring-data-commons-3.5.0.jar;C:\Users\GabrielSalazarLozada\.m2\repository\org\slf4j\slf4j-api\2.0.17\slf4j-api-2.0.17.jar;C:\Users\GabrielSalazarLozada\.m2\repository\org\springframework\boot\spring-boot-starter-websocket\3.5.0\spring-boot-starter-websocket-3.5.0.jar;C:\Users\GabrielSalazarLozada\.m2\repository\org\springframework\spring-messaging\6.2.7\spring-messaging-6.2.7.jar;C:\Users\GabrielSalazarLozada\.m2\repository\org\springframework\spring-websocket\6.2.7\spring-websocket-6.2.7.jar;C:\Users\GabrielSalazarLozada\.m2\repository\org\springframework\boot\spring-boot-starter-security\3.5.0\spring-boot-starter-security-3.5.0.jar;C:\Users\GabrielSalazarLozada\.m2\repository\org\springframework\spring-aop\6.2.7\spring-aop-6.2.7.jar;C:\Users\GabrielSalazarLozada\.m2\repository\org\springframework\security\spring-security-config\6.5.0\spring-security-config-6.5.0.jar;C:\Users\GabrielSalazarLozada\.m2\repository\org\springframework\security\spring-security-web\6.5.0\spring-security-web-6.5.0.jar;C:\Users\GabrielSalazarLozada\.m2\repository\org\springframework\boot\spring-boot-starter-validation\3.5.0\spring-boot-starter-validation-3.5.0.jar;C:\Users\GabrielSalazarLozada\.m2\repository\org\apache\tomcat\embed\tomcat-embed-el\10.1.41\tomcat-embed-el-10.1.41.jar;C:\Users\GabrielSalazarLozada\.m2\repository\org\hibernate\validator\hibernate-validator\8.0.2.Final\hibernate-validator-8.0.2.Final.jar;C:\Users\GabrielSalazarLozada\.m2\repository\jakarta\validation\jakarta.validation-api\3.0.2\jakarta.validation-api-3.0.2.jar;C:\Users\GabrielSalazarLozada\.m2\repository\org\jboss\logging\jboss-logging\3.6.1.Final\jboss-logging-3.6.1.Final.jar;C:\Users\GabrielSalazarLozada\.m2\repository\com\fasterxml\classmate\1.7.0\classmate-1.7.0.jar;C:\Users\GabrielSalazarLozada\.m2\repository\org\springframework\boot\spring-boot-starter-web\3.5.0\spring-boot-starter-web-3.5.0.jar;C:\Users\GabrielSalazarLozada\.m2\repository\org\springframework\boot\spring-boot-starter-tomcat\3.5.0\spring-boot-starter-tomcat-3.5.0.jar;C:\Users\GabrielSalazarLozada\.m2\repository\org\apache\tomcat\embed\tomcat-embed-core\10.1.41\tomcat-embed-core-10.1.41.jar;C:\Users\GabrielSalazarLozada\.m2\repository\org\apache\tomcat\embed\tomcat-embed-websocket\10.1.41\tomcat-embed-websocket-10.1.41.jar;C:\Users\GabrielSalazarLozada\.m2\repository\org\springframework\spring-webmvc\6.2.7\spring-webmvc-6.2.7.jar;C:\Users\GabrielSalazarLozada\.m2\repository\org\springframework\boot\spring-boot-devtools\3.5.0\spring-boot-devtools-3.5.0.jar;C:\Users\GabrielSalazarLozada\.m2\repository\org\springframework\boot\spring-boot\3.5.0\spring-boot-3.5.0.jar;C:\Users\GabrielSalazarLozada\.m2\repository\org\springframework\boot\spring-boot-autoconfigure\3.5.0\spring-boot-autoconfigure-3.5.0.jar;C:\Users\GabrielSalazarLozada\.m2\repository\org\projectlombok\lombok\1.18.38\lombok-1.18.38.jar;C:\Users\GabrielSalazarLozada\.m2\repository\org\springframework\boot\spring-boot-starter-test\3.5.0\spring-boot-starter-test-3.5.0.jar;C:\Users\GabrielSalazarLozada\.m2\repository\org\springframework\boot\spring-boot-test\3.5.0\spring-boot-test-3.5.0.jar;C:\Users\GabrielSalazarLozada\.m2\repository\org\springframework\boot\spring-boot-test-autoconfigure\3.5.0\spring-boot-test-autoconfigure-3.5.0.jar;C:\Users\GabrielSalazarLozada\.m2\repository\com\jayway\jsonpath\json-path\2.9.0\json-path-2.9.0.jar;C:\Users\GabrielSalazarLozada\.m2\repository\jakarta\xml\bind\jakarta.xml.bind-api\4.0.2\jakarta.xml.bind-api-4.0.2.jar;C:\Users\GabrielSalazarLozada\.m2\repository\jakarta\activation\jakarta.activation-api\2.1.3\jakarta.activation-api-2.1.3.jar;C:\Users\GabrielSalazarLozada\.m2\repository\net\minidev\json-smart\2.5.2\json-smart-2.5.2.jar;C:\Users\GabrielSalazarLozada\.m2\repository\net\minidev\accessors-smart\2.5.2\accessors-smart-2.5.2.jar;C:\Users\GabrielSalazarLozada\.m2\repository\org\ow2\asm\asm\9.7.1\asm-9.7.1.jar;C:\Users\GabrielSalazarLozada\.m2\repository\org\assertj\assertj-core\3.27.3\assertj-core-3.27.3.jar;C:\Users\GabrielSalazarLozada\.m2\repository\net\bytebuddy\byte-buddy\1.17.5\byte-buddy-1.17.5.jar;C:\Users\GabrielSalazarLozada\.m2\repository\org\awaitility\awaitility\4.3.0\awaitility-4.3.0.jar;C:\Users\GabrielSalazarLozada\.m2\repository\org\hamcrest\hamcrest\3.0\hamcrest-3.0.jar;C:\Users\GabrielSalazarLozada\.m2\repository\org\junit\jupiter\junit-jupiter\5.12.2\junit-jupiter-5.12.2.jar;C:\Users\GabrielSalazarLozada\.m2\repository\org\junit\jupiter\junit-jupiter-api\5.12.2\junit-jupiter-api-5.12.2.jar;C:\Users\GabrielSalazarLozada\.m2\repository\org\opentest4j\opentest4j\1.3.0\opentest4j-1.3.0.jar;C:\Users\GabrielSalazarLozada\.m2\repository\org\junit\platform\junit-platform-commons\1.12.2\junit-platform-commons-1.12.2.jar;C:\Users\GabrielSalazarLozada\.m2\repository\org\apiguardian\apiguardian-api\1.1.2\apiguardian-api-1.1.2.jar;C:\Users\GabrielSalazarLozada\.m2\repository\org\junit\jupiter\junit-jupiter-params\5.12.2\junit-jupiter-params-5.12.2.jar;C:\Users\GabrielSalazarLozada\.m2\repository\org\junit\jupiter\junit-jupiter-engine\5.12.2\junit-jupiter-engine-5.12.2.jar;C:\Users\GabrielSalazarLozada\.m2\repository\org\junit\platform\junit-platform-engine\1.12.2\junit-platform-engine-1.12.2.jar;C:\Users\GabrielSalazarLozada\.m2\repository\org\mockito\mockito-core\5.17.0\mockito-core-5.17.0.jar;C:\Users\GabrielSalazarLozada\.m2\repository\net\bytebuddy\byte-buddy-agent\1.17.5\byte-buddy-agent-1.17.5.jar;C:\Users\GabrielSalazarLozada\.m2\repository\org\objenesis\objenesis\3.3\objenesis-3.3.jar;C:\Users\GabrielSalazarLozada\.m2\repository\org\mockito\mockito-junit-jupiter\5.17.0\mockito-junit-jupiter-5.17.0.jar;C:\Users\GabrielSalazarLozada\.m2\repository\org\skyscreamer\jsonassert\1.5.3\jsonassert-1.5.3.jar;C:\Users\GabrielSalazarLozada\.m2\repository\com\vaadin\external\google\android-json\0.0.20131108.vaadin1\android-json-0.0.20131108.vaadin1.jar;C:\Users\GabrielSalazarLozada\.m2\repository\org\springframework\spring-core\6.2.7\spring-core-6.2.7.jar;C:\Users\GabrielSalazarLozada\.m2\repository\org\springframework\spring-jcl\6.2.7\spring-jcl-6.2.7.jar;C:\Users\GabrielSalazarLozada\.m2\repository\org\springframework\spring-test\6.2.7\spring-test-6.2.7.jar;C:\Users\GabrielSalazarLozada\.m2\repository\org\xmlunit\xmlunit-core\2.10.1\xmlunit-core-2.10.1.jar;C:\Users\GabrielSalazarLozada\.m2\repository\org\springframework\security\spring-security-test\6.5.0\spring-security-test-6.5.0.jar;C:\Users\GabrielSalazarLozada\.m2\repository\org\springframework\security\spring-security-core\6.5.0\spring-security-core-6.5.0.jar;C:\Users\GabrielSalazarLozada\.m2\repository\org\springframework\security\spring-security-crypto\6.5.0\spring-security-crypto-6.5.0.jar;"/>
    <property name="java.vm.vendor" value="Amazon.com Inc."/>
    <property name="sun.arch.data.model" value="64"/>
    <property name="user.variant" value=""/>
    <property name="java.vendor.url" value="https://aws.amazon.com/corretto/"/>
    <property name="user.timezone" value="America/Bogota"/>
    <property name="org.jboss.logging.provider" value="slf4j"/>
    <property name="os.name" value="Windows 11"/>
    <property name="java.vm.specification.version" value="17"/>
    <property name="APPLICATION_NAME" value="dashboard_gk"/>
    <property name="user.country" value="US"/>
    <property name="sun.java.launcher" value="SUN_STANDARD"/>
    <property name="sun.boot.library.path" value="C:\Users\GabrielSalazarLozada\.jdks\corretto-17.0.16\bin"/>
    <property name="sun.java.command" value="C:\Users\GabrielSalazarLozada\AppData\Local\Temp\surefire16103018804365052085\surefirebooter-20250910113141001_3.jar C:\Users\GabrielSalazarLozada\AppData\Local\Temp\surefire16103018804365052085 2025-09-10T11-31-39_708-jvmRun1 surefire-20250910113141001_1tmp surefire_0-20250910113141001_2tmp"/>
    <property name="jdk.debug" value="release"/>
    <property name="surefire.test.class.path" value="C:\Users\GabrielSalazarLozada\Documents\Gabriel Salazar Lozada\Proyectos\Dashboard GK\Dashboard_Back_end\target\test-classes;C:\Users\GabrielSalazarLozada\Documents\Gabriel Salazar Lozada\Proyectos\Dashboard GK\Dashboard_Back_end\target\classes;C:\Users\GabrielSalazarLozada\.m2\repository\org\springframework\boot\spring-boot-starter-webflux\3.5.0\spring-boot-starter-webflux-3.5.0.jar;C:\Users\GabrielSalazarLozada\.m2\repository\org\springframework\boot\spring-boot-starter\3.5.0\spring-boot-starter-3.5.0.jar;C:\Users\GabrielSalazarLozada\.m2\repository\org\springframework\boot\spring-boot-starter-logging\3.5.0\spring-boot-starter-logging-3.5.0.jar;C:\Users\GabrielSalazarLozada\.m2\repository\ch\qos\logback\logback-classic\1.5.18\logback-classic-1.5.18.jar;C:\Users\GabrielSalazarLozada\.m2\repository\ch\qos\logback\logback-core\1.5.18\logback-core-1.5.18.jar;C:\Users\GabrielSalazarLozada\.m2\repository\org\apache\logging\log4j\log4j-to-slf4j\2.24.3\log4j-to-slf4j-2.24.3.jar;C:\Users\GabrielSalazarLozada\.m2\repository\org\apache\logging\log4j\log4j-api\2.24.3\log4j-api-2.24.3.jar;C:\Users\GabrielSalazarLozada\.m2\repository\org\slf4j\jul-to-slf4j\2.0.17\jul-to-slf4j-2.0.17.jar;C:\Users\GabrielSalazarLozada\.m2\repository\jakarta\annotation\jakarta.annotation-api\2.1.1\jakarta.annotation-api-2.1.1.jar;C:\Users\GabrielSalazarLozada\.m2\repository\org\yaml\snakeyaml\2.4\snakeyaml-2.4.jar;C:\Users\GabrielSalazarLozada\.m2\repository\org\springframework\boot\spring-boot-starter-json\3.5.0\spring-boot-starter-json-3.5.0.jar;C:\Users\GabrielSalazarLozada\.m2\repository\com\fasterxml\jackson\core\jackson-databind\2.19.0\jackson-databind-2.19.0.jar;C:\Users\GabrielSalazarLozada\.m2\repository\com\fasterxml\jackson\core\jackson-annotations\2.19.0\jackson-annotations-2.19.0.jar;C:\Users\GabrielSalazarLozada\.m2\repository\com\fasterxml\jackson\core\jackson-core\2.19.0\jackson-core-2.19.0.jar;C:\Users\GabrielSalazarLozada\.m2\repository\com\fasterxml\jackson\datatype\jackson-datatype-jdk8\2.19.0\jackson-datatype-jdk8-2.19.0.jar;C:\Users\GabrielSalazarLozada\.m2\repository\com\fasterxml\jackson\datatype\jackson-datatype-jsr310\2.19.0\jackson-datatype-jsr310-2.19.0.jar;C:\Users\GabrielSalazarLozada\.m2\repository\com\fasterxml\jackson\module\jackson-module-parameter-names\2.19.0\jackson-module-parameter-names-2.19.0.jar;C:\Users\GabrielSalazarLozada\.m2\repository\org\springframework\boot\spring-boot-starter-reactor-netty\3.5.0\spring-boot-starter-reactor-netty-3.5.0.jar;C:\Users\GabrielSalazarLozada\.m2\repository\io\projectreactor\netty\reactor-netty-http\1.2.6\reactor-netty-http-1.2.6.jar;C:\Users\GabrielSalazarLozada\.m2\repository\io\netty\netty-codec-http\4.1.121.Final\netty-codec-http-4.1.121.Final.jar;C:\Users\GabrielSalazarLozada\.m2\repository\io\netty\netty-common\4.1.121.Final\netty-common-4.1.121.Final.jar;C:\Users\GabrielSalazarLozada\.m2\repository\io\netty\netty-buffer\4.1.121.Final\netty-buffer-4.1.121.Final.jar;C:\Users\GabrielSalazarLozada\.m2\repository\io\netty\netty-transport\4.1.121.Final\netty-transport-4.1.121.Final.jar;C:\Users\GabrielSalazarLozada\.m2\repository\io\netty\netty-codec\4.1.121.Final\netty-codec-4.1.121.Final.jar;C:\Users\GabrielSalazarLozada\.m2\repository\io\netty\netty-handler\4.1.121.Final\netty-handler-4.1.121.Final.jar;C:\Users\GabrielSalazarLozada\.m2\repository\io\netty\netty-codec-http2\4.1.121.Final\netty-codec-http2-4.1.121.Final.jar;C:\Users\GabrielSalazarLozada\.m2\repository\io\netty\netty-resolver-dns\4.1.121.Final\netty-resolver-dns-4.1.121.Final.jar;C:\Users\GabrielSalazarLozada\.m2\repository\io\netty\netty-resolver\4.1.121.Final\netty-resolver-4.1.121.Final.jar;C:\Users\GabrielSalazarLozada\.m2\repository\io\netty\netty-codec-dns\4.1.121.Final\netty-codec-dns-4.1.121.Final.jar;C:\Users\GabrielSalazarLozada\.m2\repository\io\netty\netty-resolver-dns-native-macos\4.1.121.Final\netty-resolver-dns-native-macos-4.1.121.Final-osx-x86_64.jar;C:\Users\GabrielSalazarLozada\.m2\repository\io\netty\netty-resolver-dns-classes-macos\4.1.121.Final\netty-resolver-dns-classes-macos-4.1.121.Final.jar;C:\Users\GabrielSalazarLozada\.m2\repository\io\netty\netty-transport-native-epoll\4.1.121.Final\netty-transport-native-epoll-4.1.121.Final-linux-x86_64.jar;C:\Users\GabrielSalazarLozada\.m2\repository\io\netty\netty-transport-native-unix-common\4.1.121.Final\netty-transport-native-unix-common-4.1.121.Final.jar;C:\Users\GabrielSalazarLozada\.m2\repository\io\netty\netty-transport-classes-epoll\4.1.121.Final\netty-transport-classes-epoll-4.1.121.Final.jar;C:\Users\GabrielSalazarLozada\.m2\repository\io\projectreactor\netty\reactor-netty-core\1.2.6\reactor-netty-core-1.2.6.jar;C:\Users\GabrielSalazarLozada\.m2\repository\io\netty\netty-handler-proxy\4.1.121.Final\netty-handler-proxy-4.1.121.Final.jar;C:\Users\GabrielSalazarLozada\.m2\repository\io\netty\netty-codec-socks\4.1.121.Final\netty-codec-socks-4.1.121.Final.jar;C:\Users\GabrielSalazarLozada\.m2\repository\org\springframework\spring-web\6.2.7\spring-web-6.2.7.jar;C:\Users\GabrielSalazarLozada\.m2\repository\org\springframework\spring-beans\6.2.7\spring-beans-6.2.7.jar;C:\Users\GabrielSalazarLozada\.m2\repository\io\micrometer\micrometer-observation\1.15.0\micrometer-observation-1.15.0.jar;C:\Users\GabrielSalazarLozada\.m2\repository\io\micrometer\micrometer-commons\1.15.0\micrometer-commons-1.15.0.jar;C:\Users\GabrielSalazarLozada\.m2\repository\org\springframework\spring-webflux\6.2.7\spring-webflux-6.2.7.jar;C:\Users\GabrielSalazarLozada\.m2\repository\io\projectreactor\reactor-core\3.7.6\reactor-core-3.7.6.jar;C:\Users\GabrielSalazarLozada\.m2\repository\org\reactivestreams\reactive-streams\1.0.4\reactive-streams-1.0.4.jar;C:\Users\GabrielSalazarLozada\.m2\repository\org\springframework\boot\spring-boot-starter-data-mongodb\3.5.0\spring-boot-starter-data-mongodb-3.5.0.jar;C:\Users\GabrielSalazarLozada\.m2\repository\org\mongodb\mongodb-driver-sync\5.4.0\mongodb-driver-sync-5.4.0.jar;C:\Users\GabrielSalazarLozada\.m2\repository\org\mongodb\bson\5.4.0\bson-5.4.0.jar;C:\Users\GabrielSalazarLozada\.m2\repository\org\mongodb\mongodb-driver-core\5.4.0\mongodb-driver-core-5.4.0.jar;C:\Users\GabrielSalazarLozada\.m2\repository\org\mongodb\bson-record-codec\5.4.0\bson-record-codec-5.4.0.jar;C:\Users\GabrielSalazarLozada\.m2\repository\org\springframework\data\spring-data-mongodb\4.5.0\spring-data-mongodb-4.5.0.jar;C:\Users\GabrielSalazarLozada\.m2\repository\org\springframework\spring-tx\6.2.7\spring-tx-6.2.7.jar;C:\Users\GabrielSalazarLozada\.m2\repository\org\springframework\spring-context\6.2.7\spring-context-6.2.7.jar;C:\Users\GabrielSalazarLozada\.m2\repository\org\springframework\spring-expression\6.2.7\spring-expression-6.2.7.jar;C:\Users\GabrielSalazarLozada\.m2\repository\org\springframework\data\spring-data-commons\3.5.0\spring-data-commons-3.5.0.jar;C:\Users\GabrielSalazarLozada\.m2\repository\org\slf4j\slf4j-api\2.0.17\slf4j-api-2.0.17.jar;C:\Users\GabrielSalazarLozada\.m2\repository\org\springframework\boot\spring-boot-starter-websocket\3.5.0\spring-boot-starter-websocket-3.5.0.jar;C:\Users\GabrielSalazarLozada\.m2\repository\org\springframework\spring-messaging\6.2.7\spring-messaging-6.2.7.jar;C:\Users\GabrielSalazarLozada\.m2\repository\org\springframework\spring-websocket\6.2.7\spring-websocket-6.2.7.jar;C:\Users\GabrielSalazarLozada\.m2\repository\org\springframework\boot\spring-boot-starter-security\3.5.0\spring-boot-starter-security-3.5.0.jar;C:\Users\GabrielSalazarLozada\.m2\repository\org\springframework\spring-aop\6.2.7\spring-aop-6.2.7.jar;C:\Users\GabrielSalazarLozada\.m2\repository\org\springframework\security\spring-security-config\6.5.0\spring-security-config-6.5.0.jar;C:\Users\GabrielSalazarLozada\.m2\repository\org\springframework\security\spring-security-web\6.5.0\spring-security-web-6.5.0.jar;C:\Users\GabrielSalazarLozada\.m2\repository\org\springframework\boot\spring-boot-starter-validation\3.5.0\spring-boot-starter-validation-3.5.0.jar;C:\Users\GabrielSalazarLozada\.m2\repository\org\apache\tomcat\embed\tomcat-embed-el\10.1.41\tomcat-embed-el-10.1.41.jar;C:\Users\GabrielSalazarLozada\.m2\repository\org\hibernate\validator\hibernate-validator\8.0.2.Final\hibernate-validator-8.0.2.Final.jar;C:\Users\GabrielSalazarLozada\.m2\repository\jakarta\validation\jakarta.validation-api\3.0.2\jakarta.validation-api-3.0.2.jar;C:\Users\GabrielSalazarLozada\.m2\repository\org\jboss\logging\jboss-logging\3.6.1.Final\jboss-logging-3.6.1.Final.jar;C:\Users\GabrielSalazarLozada\.m2\repository\com\fasterxml\classmate\1.7.0\classmate-1.7.0.jar;C:\Users\GabrielSalazarLozada\.m2\repository\org\springframework\boot\spring-boot-starter-web\3.5.0\spring-boot-starter-web-3.5.0.jar;C:\Users\GabrielSalazarLozada\.m2\repository\org\springframework\boot\spring-boot-starter-tomcat\3.5.0\spring-boot-starter-tomcat-3.5.0.jar;C:\Users\GabrielSalazarLozada\.m2\repository\org\apache\tomcat\embed\tomcat-embed-core\10.1.41\tomcat-embed-core-10.1.41.jar;C:\Users\GabrielSalazarLozada\.m2\repository\org\apache\tomcat\embed\tomcat-embed-websocket\10.1.41\tomcat-embed-websocket-10.1.41.jar;C:\Users\GabrielSalazarLozada\.m2\repository\org\springframework\spring-webmvc\6.2.7\spring-webmvc-6.2.7.jar;C:\Users\GabrielSalazarLozada\.m2\repository\org\springframework\boot\spring-boot-devtools\3.5.0\spring-boot-devtools-3.5.0.jar;C:\Users\GabrielSalazarLozada\.m2\repository\org\springframework\boot\spring-boot\3.5.0\spring-boot-3.5.0.jar;C:\Users\GabrielSalazarLozada\.m2\repository\org\springframework\boot\spring-boot-autoconfigure\3.5.0\spring-boot-autoconfigure-3.5.0.jar;C:\Users\GabrielSalazarLozada\.m2\repository\org\projectlombok\lombok\1.18.38\lombok-1.18.38.jar;C:\Users\GabrielSalazarLozada\.m2\repository\org\springframework\boot\spring-boot-starter-test\3.5.0\spring-boot-starter-test-3.5.0.jar;C:\Users\GabrielSalazarLozada\.m2\repository\org\springframework\boot\spring-boot-test\3.5.0\spring-boot-test-3.5.0.jar;C:\Users\GabrielSalazarLozada\.m2\repository\org\springframework\boot\spring-boot-test-autoconfigure\3.5.0\spring-boot-test-autoconfigure-3.5.0.jar;C:\Users\GabrielSalazarLozada\.m2\repository\com\jayway\jsonpath\json-path\2.9.0\json-path-2.9.0.jar;C:\Users\GabrielSalazarLozada\.m2\repository\jakarta\xml\bind\jakarta.xml.bind-api\4.0.2\jakarta.xml.bind-api-4.0.2.jar;C:\Users\GabrielSalazarLozada\.m2\repository\jakarta\activation\jakarta.activation-api\2.1.3\jakarta.activation-api-2.1.3.jar;C:\Users\GabrielSalazarLozada\.m2\repository\net\minidev\json-smart\2.5.2\json-smart-2.5.2.jar;C:\Users\GabrielSalazarLozada\.m2\repository\net\minidev\accessors-smart\2.5.2\accessors-smart-2.5.2.jar;C:\Users\GabrielSalazarLozada\.m2\repository\org\ow2\asm\asm\9.7.1\asm-9.7.1.jar;C:\Users\GabrielSalazarLozada\.m2\repository\org\assertj\assertj-core\3.27.3\assertj-core-3.27.3.jar;C:\Users\GabrielSalazarLozada\.m2\repository\net\bytebuddy\byte-buddy\1.17.5\byte-buddy-1.17.5.jar;C:\Users\GabrielSalazarLozada\.m2\repository\org\awaitility\awaitility\4.3.0\awaitility-4.3.0.jar;C:\Users\GabrielSalazarLozada\.m2\repository\org\hamcrest\hamcrest\3.0\hamcrest-3.0.jar;C:\Users\GabrielSalazarLozada\.m2\repository\org\junit\jupiter\junit-jupiter\5.12.2\junit-jupiter-5.12.2.jar;C:\Users\GabrielSalazarLozada\.m2\repository\org\junit\jupiter\junit-jupiter-api\5.12.2\junit-jupiter-api-5.12.2.jar;C:\Users\GabrielSalazarLozada\.m2\repository\org\opentest4j\opentest4j\1.3.0\opentest4j-1.3.0.jar;C:\Users\GabrielSalazarLozada\.m2\repository\org\junit\platform\junit-platform-commons\1.12.2\junit-platform-commons-1.12.2.jar;C:\Users\GabrielSalazarLozada\.m2\repository\org\apiguardian\apiguardian-api\1.1.2\apiguardian-api-1.1.2.jar;C:\Users\GabrielSalazarLozada\.m2\repository\org\junit\jupiter\junit-jupiter-params\5.12.2\junit-jupiter-params-5.12.2.jar;C:\Users\GabrielSalazarLozada\.m2\repository\org\junit\jupiter\junit-jupiter-engine\5.12.2\junit-jupiter-engine-5.12.2.jar;C:\Users\GabrielSalazarLozada\.m2\repository\org\junit\platform\junit-platform-engine\1.12.2\junit-platform-engine-1.12.2.jar;C:\Users\GabrielSalazarLozada\.m2\repository\org\mockito\mockito-core\5.17.0\mockito-core-5.17.0.jar;C:\Users\GabrielSalazarLozada\.m2\repository\net\bytebuddy\byte-buddy-agent\1.17.5\byte-buddy-agent-1.17.5.jar;C:\Users\GabrielSalazarLozada\.m2\repository\org\objenesis\objenesis\3.3\objenesis-3.3.jar;C:\Users\GabrielSalazarLozada\.m2\repository\org\mockito\mockito-junit-jupiter\5.17.0\mockito-junit-jupiter-5.17.0.jar;C:\Users\GabrielSalazarLozada\.m2\repository\org\skyscreamer\jsonassert\1.5.3\jsonassert-1.5.3.jar;C:\Users\GabrielSalazarLozada\.m2\repository\com\vaadin\external\google\android-json\0.0.20131108.vaadin1\android-json-0.0.20131108.vaadin1.jar;C:\Users\GabrielSalazarLozada\.m2\repository\org\springframework\spring-core\6.2.7\spring-core-6.2.7.jar;C:\Users\GabrielSalazarLozada\.m2\repository\org\springframework\spring-jcl\6.2.7\spring-jcl-6.2.7.jar;C:\Users\GabrielSalazarLozada\.m2\repository\org\springframework\spring-test\6.2.7\spring-test-6.2.7.jar;C:\Users\GabrielSalazarLozada\.m2\repository\org\xmlunit\xmlunit-core\2.10.1\xmlunit-core-2.10.1.jar;C:\Users\GabrielSalazarLozada\.m2\repository\org\springframework\security\spring-security-test\6.5.0\spring-security-test-6.5.0.jar;C:\Users\GabrielSalazarLozada\.m2\repository\org\springframework\security\spring-security-core\6.5.0\spring-security-core-6.5.0.jar;C:\Users\GabrielSalazarLozada\.m2\repository\org\springframework\security\spring-security-crypto\6.5.0\spring-security-crypto-6.5.0.jar;"/>
    <property name="sun.cpu.endian" value="little"/>
    <property name="user.home" value="C:\Users\GabrielSalazarLozada"/>
    <property name="user.language" value="en"/>
    <property name="java.specification.vendor" value="Oracle Corporation"/>
    <property name="java.version.date" value="2025-07-15"/>
    <property name="java.home" value="C:\Users\GabrielSalazarLozada\.jdks\corretto-17.0.16"/>
    <property name="file.separator" value="\"/>
    <property name="style.color" value="always"/>
    <property name="basedir" value="C:\Users\GabrielSalazarLozada\Documents\Gabriel Salazar Lozada\Proyectos\Dashboard GK\Dashboard_Back_end"/>
    <property name="java.vm.compressedOopsMode" value="Zero based"/>
    <property name="line.separator" value="&#10;"/>
    <property name="java.vm.specification.vendor" value="Oracle Corporation"/>
    <property name="java.specification.name" value="Java Platform API Specification"/>
    <property name="FILE_LOG_CHARSET" value="windows-1252"/>
    <property name="java.awt.headless" value="true"/>
    <property name="surefire.real.class.path" value="C:\Users\GabrielSalazarLozada\AppData\Local\Temp\surefire16103018804365052085\surefirebooter-20250910113141001_3.jar"/>
    <property name="user.script" value=""/>
    <property name="sun.management.compiler" value="HotSpot 64-Bit Tiered Compilers"/>
    <property name="java.runtime.version" value="17.0.16+8-LTS"/>
    <property name="user.name" value="GabrielSalazarLozada"/>
    <property name="path.separator" value=";"/>
    <property name="os.version" value="10.0"/>
    <property name="java.runtime.name" value="OpenJDK Runtime Environment"/>
    <property name="file.encoding" value="Cp1252"/>
    <property name="java.vm.name" value="OpenJDK 64-Bit Server VM"/>
    <property name="java.vendor.version" value="Corretto-17.0.16.8.1"/>
    <property name="maven.ext.class.path" value="C:\Users\GabrielSalazarLozada\AppData\Local\Programs\IntelliJ IDEA Ultimate\plugins\maven\lib\maven-event-listener.jar"/>
    <property name="localRepository" value="C:\Users\GabrielSalazarLozada\.m2\repository"/>
    <property name="java.vendor.url.bug" value="https://github.com/corretto/corretto-17/issues/"/>
    <property name="java.io.tmpdir" value="C:\Users\GABRIE~1\AppData\Local\Temp\"/>
    <property name="idea.version" value="2025.2.1"/>
    <property name="java.version" value="17.0.16"/>
    <property name="user.dir" value="C:\Users\GabrielSalazarLozada\Documents\Gabriel Salazar Lozada\Proyectos\Dashboard GK\Dashboard_Back_end"/>
    <property name="os.arch" value="amd64"/>
    <property name="jansi.passthrough" value="true"/>
    <property name="java.vm.specification.name" value="Java Virtual Machine Specification"/>
    <property name="PID" value="29868"/>
    <property name="sun.os.patch.level" value=""/>
    <property name="CONSOLE_LOG_CHARSET" value="windows-1252"/>
    <property name="native.encoding" value="Cp1252"/>
    <property name="java.library.path" value="C:\Users\GabrielSalazarLozada\.jdks\corretto-17.0.16\bin;C:\WINDOWS\Sun\Java\bin;C:\WINDOWS\system32;C:\WINDOWS;C:\Program Files\Amazon Corretto\jdk17.0.16_8\bin;C:\Program Files (x86)\Common Files\Oracle\Java\java8path;C:\Program Files (x86)\Common Files\Oracle\Java\javapath;C:\WINDOWS\system32;C:\WINDOWS;C:\WINDOWS\System32\Wbem;C:\WINDOWS\System32\WindowsPowerShell\v1.0\;C:\WINDOWS\System32\OpenSSH\;C:\Program Files\dotnet\;C:\Program Files\PowerShell\7\;C:\oracle\instantclient_23_8;C:\Users\GabrielSalazarLozada\AppData\Local\nvm;C:\nvm4w\nodejs;C:\Program Files\Git\cmd;C:\Users\GabrielSalazarLozada\Documents\FlutterSDK\flutter\bin;C:\Program Files\Docker\Docker\resources\bin;C:\Program Files\apache-maven-3.9.11\bin;C:\Users\GabrielSalazarLozada\AppData\Local\Microsoft\WindowsApps;C:\Users\GabrielSalazarLozada\AppData\Local\JetBrains\Toolbox\scripts;C:\Users\GabrielSalazarLozada\AppData\Local\Programs\Microsoft VS Code\bin;C:\Users\GabrielSalazarLozada\AppData\Local\Programs\cursor\resources\app\bin;C:\Users\GabrielSalazarLozada\AppData\Local\nvm;C:\nvm4w\nodejs;C:\Users\GabrielSalazarLozada\flutter\bin;C:\Users\GabrielSalazarLozada\AppData\Local\Programs\mongosh\;."/>
    <property name="java.vm.info" value="mixed mode, sharing"/>
    <property name="java.vendor" value="Amazon.com Inc."/>
    <property name="java.vm.version" value="17.0.16+8-LTS"/>
    <property name="java.specification.maintenance.version" value="1"/>
    <property name="sun.io.unicode.encoding" value="UnicodeLittle"/>
    <property name="maven.repo.local" value="C:\Users\GabrielSalazarLozada\.m2\repository"/>
    <property name="java.class.version" value="61.0"/>
    <property name="LOGGED_APPLICATION_NAME" value="[dashboard_gk] "/>
  </properties>
  <testcase name="contextLoads" classname="com.dashboard_gk.dashboard_gk.DashboardGKApplicationTests" time="0.693">
    <system-out><![CDATA[11:31:42.226 [main] INFO org.springframework.test.context.support.AnnotationConfigContextLoaderUtils -- Could not detect default configuration classes for test class [com.dashboard_gk.dashboard_gk.DashboardGKApplicationTests]: DashboardGKApplicationTests does not declare any static, non-private, non-final, nested classes annotated with @Configuration.
11:31:42.340 [main] INFO org.springframework.boot.test.context.SpringBootTestContextBootstrapper -- Found @SpringBootConfiguration com.dashboard_gk.dashboard_gk.DashboardGKApplication for test class com.dashboard_gk.dashboard_gk.DashboardGKApplicationTests
11:31:42.515 [main] INFO org.springframework.boot.devtools.restart.RestartApplicationListener -- Restart disabled due to context in which it is running

  .   ____          _            __ _ _
 /\\ / ___'_ __ _ _(_)_ __  __ _ \ \ \ \
( ( )\___ | '_ | '_| | '_ \/ _` | \ \ \ \
 \\/  ___)| |_)| | | | | || (_| |  ) ) ) )
  '  |____| .__|_| |_|_| |_\__, | / / / /
 =========|_|==============|___/=/_/_/_/

 :: Spring Boot ::                (v3.5.0)

2025-09-10T11:31:42.814-05:00  INFO 29868 --- [dashboard_gk] [           main] c.d.d.DashboardGKApplicationTests        : Starting DashboardGKApplicationTests using Java 17.0.16 with PID 29868 (started by GabrielSalazarLozada in C:\Users\GabrielSalazarLozada\Documents\Gabriel Salazar Lozada\Proyectos\Dashboard GK\Dashboard_Back_end)
2025-09-10T11:31:42.815-05:00  INFO 29868 --- [dashboard_gk] [           main] c.d.d.DashboardGKApplicationTests        : No active profile set, falling back to 1 default profile: "default"
2025-09-10T11:31:43.634-05:00  INFO 29868 --- [dashboard_gk] [           main] .s.d.r.c.RepositoryConfigurationDelegate : Bootstrapping Spring Data MongoDB repositories in DEFAULT mode.
2025-09-10T11:31:43.773-05:00  INFO 29868 --- [dashboard_gk] [           main] .s.d.r.c.RepositoryConfigurationDelegate : Finished Spring Data repository scanning in 130 ms. Found 4 MongoDB repository interfaces.
2025-09-10T11:31:44.593-05:00  INFO 29868 --- [dashboard_gk] [           main] org.mongodb.driver.client                : MongoClient with metadata {"driver": {"name": "mongo-java-driver|sync|spring-boot", "version": "5.4.0"}, "os": {"type": "Windows", "name": "Windows 11", "architecture": "amd64", "version": "10.0"}, "platform": "Java/Amazon.com Inc./17.0.16+8-LTS"} created with settings MongoClientSettings{readPreference=primary, writeConcern=WriteConcern{w=null, wTimeout=null ms, journal=null}, retryWrites=true, retryReads=true, readConcern=ReadConcern{level=null}, credential=MongoCredential{mechanism=null, userName='Gabriel2514', source='admin', password=<hidden>, mechanismProperties=<hidden>}, transportSettings=null, commandListeners=[], codecRegistry=ProvidersCodecRegistry{codecProviders=[ValueCodecProvider{}, BsonValueCodecProvider{}, DBRefCodecProvider{}, DBObjectCodecProvider{}, DocumentCodecProvider{}, CollectionCodecProvider{}, IterableCodecProvider{}, MapCodecProvider{}, GeoJsonCodecProvider{}, GridFSFileCodecProvider{}, Jsr310CodecProvider{}, JsonObjectCodecProvider{}, BsonCodecProvider{}, EnumCodecProvider{}, com.mongodb.client.model.mql.ExpressionCodecProvider@bb3ecfe, com.mongodb.Jep395RecordCodecProvider@5ec88f9e, com.mongodb.KotlinCodecProvider@7a04f730]}, loggerSettings=LoggerSettings{maxDocumentLength=1000}, clusterSettings={hosts=[127.0.0.1:27017], srvHost=cluster0.0mxktmv.mongodb.net, srvServiceName=mongodb, mode=MULTIPLE, requiredClusterType=REPLICA_SET, requiredReplicaSetName='atlas-118zri-shard-0', serverSelector='null', clusterListeners='[]', serverSelectionTimeout='30000 ms', localThreshold='15 ms'}, socketSettings=SocketSettings{connectTimeoutMS=10000, readTimeoutMS=0, receiveBufferSize=0, proxySettings=ProxySettings{host=null, port=null, username=null, password=null}}, heartbeatSocketSettings=SocketSettings{connectTimeoutMS=10000, readTimeoutMS=10000, receiveBufferSize=0, proxySettings=ProxySettings{host=null, port=null, username=null, password=null}}, connectionPoolSettings=ConnectionPoolSettings{maxSize=100, minSize=0, maxWaitTimeMS=120000, maxConnectionLifeTimeMS=0, maxConnectionIdleTimeMS=0, maintenanceInitialDelayMS=0, maintenanceFrequencyMS=60000, connectionPoolListeners=[], maxConnecting=2}, serverSettings=ServerSettings{heartbeatFrequencyMS=10000, minHeartbeatFrequencyMS=500, serverMonitoringMode=AUTO, serverListeners='[]', serverMonitorListeners='[]'}, sslSettings=SslSettings{enabled=true, invalidHostNameAllowed=false, context=null}, applicationName='null', compressorList=[], uuidRepresentation=JAVA_LEGACY, serverApi=null, autoEncryptionSettings=null, dnsClient=null, inetAddressResolver=null, contextProvider=null, timeoutMS=null}
2025-09-10T11:31:44.635-05:00  INFO 29868 --- [dashboard_gk] [tmv.mongodb.net] org.mongodb.driver.cluster               : Adding discovered server ac-4kmnrgp-shard-00-02.0mxktmv.mongodb.net:27017 to client view of cluster
2025-09-10T11:31:44.666-05:00  INFO 29868 --- [dashboard_gk] [tmv.mongodb.net] org.mongodb.driver.cluster               : Adding discovered server ac-4kmnrgp-shard-00-01.0mxktmv.mongodb.net:27017 to client view of cluster
2025-09-10T11:31:44.668-05:00  INFO 29868 --- [dashboard_gk] [tmv.mongodb.net] org.mongodb.driver.cluster               : Adding discovered server ac-4kmnrgp-shard-00-00.0mxktmv.mongodb.net:27017 to client view of cluster
2025-09-10T11:31:44.672-05:00  WARN 29868 --- [dashboard_gk] [           main] o.s.data.convert.CustomConversions       : Registering converter from interface java.util.List to interface org.springframework.data.domain.Vector as reading converter although it doesn't convert from a store-supported type; You might want to check your annotation setup at the converter implementation
2025-09-10T11:31:44.871-05:00  WARN 29868 --- [dashboard_gk] [           main] o.s.data.convert.CustomConversions       : Registering converter from interface java.util.List to interface org.springframework.data.domain.Vector as reading converter although it doesn't convert from a store-supported type; You might want to check your annotation setup at the converter implementation
2025-09-10T11:31:44.969-05:00  INFO 29868 --- [dashboard_gk] [           main] org.mongodb.driver.cluster               : Waiting for server to become available for operation with ID 5. Remaining time: 29994 ms. Selector: WritableServerSelector, topology description: {type=REPLICA_SET, servers=[{address=ac-4kmnrgp-shard-00-00.0mxktmv.mongodb.net:27017, type=UNKNOWN, state=CONNECTING}, {address=ac-4kmnrgp-shard-00-02.0mxktmv.mongodb.net:27017, type=UNKNOWN, state=CONNECTING}, {address=ac-4kmnrgp-shard-00-01.0mxktmv.mongodb.net:27017, type=UNKNOWN, state=CONNECTING}].
2025-09-10T11:31:45.338-05:00  INFO 29868 --- [dashboard_gk] [ngodb.net:27017] org.mongodb.driver.cluster               : Monitor thread successfully connected to server with description ServerDescription{address=ac-4kmnrgp-shard-00-01.0mxktmv.mongodb.net:27017, type=REPLICA_SET_SECONDARY, cryptd=false, state=CONNECTED, ok=true, minWireVersion=0, maxWireVersion=25, maxDocumentSize=16777216, logicalSessionTimeoutMinutes=30, roundTripTimeNanos=313614700, minRoundTripTimeNanos=0, setName='atlas-118zri-shard-0', canonicalAddress=ac-4kmnrgp-shard-00-01.0mxktmv.mongodb.net:27017, hosts=[ac-4kmnrgp-shard-00-00.0mxktmv.mongodb.net:27017, ac-4kmnrgp-shard-00-01.0mxktmv.mongodb.net:27017, ac-4kmnrgp-shard-00-02.0mxktmv.mongodb.net:27017], passives=[], arbiters=[], primary='ac-4kmnrgp-shard-00-02.0mxktmv.mongodb.net:27017', tagSet=TagSet{[Tag{name='availabilityZone', value='use1-az6'}, Tag{name='diskState', value='READY'}, Tag{name='nodeType', value='ELECTABLE'}, Tag{name='provider', value='AWS'}, Tag{name='region', value='US_EAST_1'}, Tag{name='workloadType', value='OPERATIONAL'}]}, electionId=null, setVersion=186, topologyVersion=TopologyVersion{processId=68b09fe4edef07ad7f4e3dbe, counter=3}, lastWriteDate=Wed Sep 10 11:31:43 COT 2025, lastUpdateTimeNanos=182948113109300}
2025-09-10T11:31:45.338-05:00  INFO 29868 --- [dashboard_gk] [ngodb.net:27017] org.mongodb.driver.cluster               : Monitor thread successfully connected to server with description ServerDescription{address=ac-4kmnrgp-shard-00-02.0mxktmv.mongodb.net:27017, type=REPLICA_SET_PRIMARY, cryptd=false, state=CONNECTED, ok=true, minWireVersion=0, maxWireVersion=25, maxDocumentSize=16777216, logicalSessionTimeoutMinutes=30, roundTripTimeNanos=344570700, minRoundTripTimeNanos=0, setName='atlas-118zri-shard-0', canonicalAddress=ac-4kmnrgp-shard-00-02.0mxktmv.mongodb.net:27017, hosts=[ac-4kmnrgp-shard-00-00.0mxktmv.mongodb.net:27017, ac-4kmnrgp-shard-00-01.0mxktmv.mongodb.net:27017, ac-4kmnrgp-shard-00-02.0mxktmv.mongodb.net:27017], passives=[], arbiters=[], primary='ac-4kmnrgp-shard-00-02.0mxktmv.mongodb.net:27017', tagSet=TagSet{[Tag{name='availabilityZone', value='use1-az5'}, Tag{name='diskState', value='READY'}, Tag{name='nodeType', value='ELECTABLE'}, Tag{name='provider', value='AWS'}, Tag{name='region', value='US_EAST_1'}, Tag{name='workloadType', value='OPERATIONAL'}]}, electionId=7fffffff000000000000091c, setVersion=186, topologyVersion=TopologyVersion{processId=68b09f98f6c5de4583f366ab, counter=6}, lastWriteDate=Wed Sep 10 11:31:43 COT 2025, lastUpdateTimeNanos=182948113109300}
2025-09-10T11:31:45.341-05:00  INFO 29868 --- [dashboard_gk] [ngodb.net:27017] org.mongodb.driver.cluster               : Discovered replica set primary ac-4kmnrgp-shard-00-02.0mxktmv.mongodb.net:27017 with max election id 7fffffff000000000000091c and max set version 186
2025-09-10T11:31:46.133-05:00  WARN 29868 --- [dashboard_gk] [           main] .s.s.UserDetailsServiceAutoConfiguration : 

Using generated security password: b07c88d2-1814-4424-be1d-f4bb5c57d65a

This generated password is for development use only. Your security configuration must be updated before running your application in production.

2025-09-10T11:31:46.142-05:00  INFO 29868 --- [dashboard_gk] [           main] r$InitializeUserDetailsManagerConfigurer : Global AuthenticationManager configured with UserDetailsService bean with name inMemoryUserDetailsManager
2025-09-10T11:31:46.492-05:00  INFO 29868 --- [dashboard_gk] [ngodb.net:27017] org.mongodb.driver.cluster               : Monitor thread successfully connected to server with description ServerDescription{address=ac-4kmnrgp-shard-00-00.0mxktmv.mongodb.net:27017, type=REPLICA_SET_SECONDARY, cryptd=false, state=CONNECTED, ok=true, minWireVersion=0, maxWireVersion=25, maxDocumentSize=16777216, logicalSessionTimeoutMinutes=30, roundTripTimeNanos=384806700, minRoundTripTimeNanos=0, setName='atlas-118zri-shard-0', canonicalAddress=ac-4kmnrgp-shard-00-00.0mxktmv.mongodb.net:27017, hosts=[ac-4kmnrgp-shard-00-00.0mxktmv.mongodb.net:27017, ac-4kmnrgp-shard-00-01.0mxktmv.mongodb.net:27017, ac-4kmnrgp-shard-00-02.0mxktmv.mongodb.net:27017], passives=[], arbiters=[], primary='ac-4kmnrgp-shard-00-02.0mxktmv.mongodb.net:27017', tagSet=TagSet{[Tag{name='availabilityZone', value='use1-az4'}, Tag{name='diskState', value='READY'}, Tag{name='nodeType', value='ELECTABLE'}, Tag{name='provider', value='AWS'}, Tag{name='region', value='US_EAST_1'}, Tag{name='workloadType', value='OPERATIONAL'}]}, electionId=null, setVersion=186, topologyVersion=TopologyVersion{processId=68b09f4cc49e2da90ed0ee76, counter=4}, lastWriteDate=Wed Sep 10 11:31:45 COT 2025, lastUpdateTimeNanos=182949269016700}
2025-09-10T11:31:46.962-05:00  INFO 29868 --- [dashboard_gk] [           main] c.d.d.DashboardGKApplicationTests        : Started DashboardGKApplicationTests in 4.455 seconds (process running for 5.851)
]]></system-out>
  </testcase>
</testsuite>